<?xml version="1.0" encoding="UTF-8"?>
<!-- Generated by org.testng.reporters.JUnitReportReporter -->
<testsuite hostname="Itctesting18" failures="0" tests="2" name="testngExcel.forgotReader" time="6.990" errors="0" timestamp="2022-07-09T15:08:27 GMT+05:30" skipped="0">
  <testcase classname="testngExcel.forgotReader" name="test" time="3.592"/>
  <system-out/>
  <testcase classname="testngExcel.forgotReader" name="test" time="3.398"/>
  <system-out/>
</testsuite> <!-- testngExcel.forgotReader -->
