<?xml version="1.0" encoding="UTF-8"?>
<!-- Generated by org.testng.reporters.JUnitReportReporter -->
<testsuite hostname="Itctesting18" failures="0" tests="3" name="testngExcel.loginReader" time="8.151" errors="0" timestamp="2022-07-09T15:08:27 GMT+05:30" skipped="0">
  <testcase classname="testngExcel.loginReader" name="test" time="2.737"/>
  <system-out/>
  <testcase classname="testngExcel.loginReader" name="test" time="2.540"/>
  <system-out/>
  <testcase classname="testngExcel.loginReader" name="test" time="2.874"/>
  <system-out/>
</testsuite> <!-- testngExcel.loginReader -->
