<?xml version="1.0" encoding="UTF-8"?>
<!-- Generated by org.testng.reporters.JUnitReportReporter -->
<testsuite hostname="Itctesting18" failures="0" tests="1" name="testngExcel.LoginExcel" time="3.734" errors="0" timestamp="2022-07-07T11:57:31 GMT+05:30" skipped="0">
  <testcase classname="testngExcel.LoginExcel" name="f" time="3.734"/>
  <system-out/>
</testsuite> <!-- testngExcel.LoginExcel -->
