<?xml version="1.0" encoding="UTF-8"?>
<!-- Generated by org.testng.reporters.JUnitReportReporter -->
<testsuite hostname="Itctesting18" failures="0" tests="1" name="testngExcel.register" time="0.000" errors="0" timestamp="2022-07-07T18:57:10 GMT+05:30" skipped="1">
  <testcase classname="testngExcel.register" name="test" time="0.000">
    <skipped/>
  </testcase> <!-- test -->
  <system-out/>
</testsuite> <!-- testngExcel.register -->
