<?xml version="1.0" encoding="UTF-8"?>
<!-- Generated by org.testng.reporters.JUnitReportReporter -->
<testsuite hostname="Itctesting18" failures="0" tests="1" name="testng.admin" time="0.658" errors="0" timestamp="2022-07-03T13:25:34 GMT+05:30" skipped="0">
  <testcase classname="testng.admin" name="f" time="0.658"/>
  <system-out/>
</testsuite> <!-- testng.admin -->
