<?xml version="1.0" encoding="UTF-8"?>
<!-- Generated by org.testng.reporters.JUnitReportReporter -->
<testsuite hostname="Itctesting18" failures="0" tests="1" name="testng.NewTest" time="0.019" errors="0" timestamp="2022-07-02T11:37:19 GMT+05:30" skipped="0">
  <testcase classname="testng.NewTest" name="f" time="0.019"/>
  <system-out/>
</testsuite> <!-- testng.NewTest -->
