<?xml version="1.0" encoding="UTF-8"?>
<!-- Generated by org.testng.reporters.JUnitReportReporter -->
<testsuite hostname="Itctesting18" failures="0" tests="3" name="testngExcel.NewTest" time="14.483" errors="0" timestamp="2022-07-09T14:16:08 GMT+05:30" skipped="0">
  <testcase classname="testngExcel.NewTest" name="test" time="3.318"/>
  <system-out/>
  <testcase classname="testngExcel.NewTest" name="test" time="5.301"/>
  <system-out/>
  <testcase classname="testngExcel.NewTest" name="test" time="5.864"/>
  <system-out/>
</testsuite> <!-- testngExcel.NewTest -->
