<?xml version="1.0" encoding="UTF-8"?>
<!-- Generated by org.testng.reporters.JUnitReportReporter -->
<testsuite hostname="Itctesting18" failures="0" tests="3" name="testngExcel.organdonar" time="20.573" errors="0" timestamp="2022-07-09T15:08:27 GMT+05:30" skipped="0">
  <testcase classname="testngExcel.organdonar" name="test" time="6.799"/>
  <system-out/>
  <testcase classname="testngExcel.organdonar" name="test" time="6.868"/>
  <system-out/>
  <testcase classname="testngExcel.organdonar" name="test" time="6.906"/>
  <system-out/>
</testsuite> <!-- testngExcel.organdonar -->
