<?xml version="1.0" encoding="UTF-8"?>
<!-- Generated by org.testng.reporters.JUnitReportReporter -->
<testsuite hostname="Itctesting18" failures="0" tests="1" name="testng.organ" time="6.187" errors="0" timestamp="2022-07-06T14:40:41 GMT+05:30" skipped="0">
  <testcase classname="testng.organ" name="login" time="6.187"/>
  <system-out/>
</testsuite> <!-- testng.organ -->
