<?xml version="1.0" encoding="UTF-8"?>
<!-- Generated by org.testng.reporters.JUnitReportReporter -->
<testsuite hostname="Itctesting18" failures="0" tests="1" name="testng.homepage" time="3.307" errors="0" timestamp="2022-07-03T13:11:50 GMT+05:30" skipped="0">
  <testcase classname="testng.homepage" name="f" time="3.307"/>
  <system-out/>
</testsuite> <!-- testng.homepage -->
