<?xml version="1.0" encoding="UTF-8"?>
<!-- Generated by org.testng.reporters.JUnitReportReporter -->
<testsuite hostname="Itctesting18" failures="0" tests="2" name="testngExcel.admin" time="7.465" errors="0" timestamp="2022-07-09T15:08:27 GMT+05:30" skipped="0">
  <testcase classname="testngExcel.admin" name="test" time="3.664"/>
  <system-out/>
  <testcase classname="testngExcel.admin" name="test" time="3.801"/>
  <system-out/>
</testsuite> <!-- testngExcel.admin -->
