<?xml version="1.0" encoding="UTF-8"?>
<!-- Generated by org.testng.reporters.JUnitReportReporter -->
<testsuite hostname="Itctesting18" failures="0" tests="1" name="testng.forgot" time="2.695" errors="0" timestamp="2022-07-03T13:00:37 GMT+05:30" skipped="0">
  <testcase classname="testng.forgot" name="f" time="2.695"/>
  <system-out/>
</testsuite> <!-- testng.forgot -->
