<?xml version="1.0" encoding="UTF-8"?>
<!-- Generated by org.testng.reporters.JUnitReportReporter -->
<testsuite hostname="Itctesting18" failures="0" tests="4" name="testngExcel.registerReader" time="17.357" errors="0" timestamp="2022-07-09T19:50:55 GMT+05:30" skipped="0">
  <testcase classname="testngExcel.registerReader" name="test" time="3.750"/>
  <system-out/>
  <testcase classname="testngExcel.registerReader" name="test" time="3.627"/>
  <system-out/>
  <testcase classname="testngExcel.registerReader" name="test" time="6.216"/>
  <system-out/>
  <testcase classname="testngExcel.registerReader" name="test" time="3.764"/>
  <system-out/>
</testsuite> <!-- testngExcel.registerReader -->
