<?xml version="1.0" encoding="UTF-8"?>
<!-- Generated by org.testng.reporters.JUnitReportReporter -->
<testsuite hostname="Itctesting18" failures="0" tests="1" name="testng.B_Odonation" time="2.101" errors="0" timestamp="2022-07-03T13:18:43 GMT+05:30" skipped="0">
  <testcase classname="testng.B_Odonation" name="f" time="2.101"/>
  <system-out/>
</testsuite> <!-- testng.B_Odonation -->
